Building DAG of jobs...
Using shell: /usr/bin/bash
Provided cores: 4
Rules claiming more threads will be scaled down.
Job counts:
	count	jobs
	1	trim_galore_pe
	1

[Mon Sep  7 17:52:51 2020]
Job 0:  -- Trimming MOLM24C_3 -- 

Activating conda environment: /home/groups/MaxsonLab/kongg/cda7/.snakemake/conda/980e1625
Path to Cutadapt set as: 'cutadapt' (default)
Cutadapt seems to be working fine (tested command 'cutadapt --version')
Cutadapt version: 2.6
Could not detect version of Python used by Cutadapt from the first line of Cutadapt (but found this: >>>#!/bin/sh<<<)
Letting the (modified) Cutadapt deal with the Python version instead
Parallel gzip (pigz) detected. Proceeding with multicore (de)compression using 4 cores

No quality encoding type selected. Assuming that the data provided uses Sanger encoded Phred scores (default)

Using the following FastA file for multiple possible adapter sequences: >/home/groups/MaxsonLab/kongg/cda7/trim_galore.fa<
Output will be written into the directory: /home/groups/MaxsonLab/kongg/cda7/samples/trim/
Writing report to '/home/groups/MaxsonLab/kongg/cda7/samples/trim/MOLM24C_3_R1.fastq.gz_trimming_report.txt'

SUMMARISING RUN PARAMETERS
==========================
Input filename: samples/raw/MOLM24C_3_R1.fastq.gz
Trimming mode: paired-end
Trim Galore version: 0.6.6
Cutadapt version: 2.6
Python version: could not detect
Number of cores used for trimming: 4
Quality Phred score cutoff: 30
Quality encoding type selected: ASCII+33
Adapter sequence: 'file:/home/groups/MaxsonLab/kongg/cda7/trim_galore.fa' (user defined)
Maximum trimming error rate: 0.1 (default)
Minimum required adapter overlap (stringency): 1 bp
Minimum required sequence length for both reads before a sequence pair gets removed: 20 bp
All sequences will be trimmed by 1 bp on their 3' end to avoid problems with invalid paired-end alignments with Bowtie 1
Running FastQC on the data once trimming has completed
Output file(s) will be GZIP compressed

Cutadapt seems to be fairly up-to-date (version 2.6). Setting -j 4
Writing final adapter and quality trimmed output to MOLM24C_3_R1_trimmed.fq.gz


  >>> Now performing quality (cutoff '-q 30') and adapter trimming in a single pass for the adapter sequence: 'file:/home/groups/MaxsonLab/kongg/cda7/trim_galore.fa' from file samples/raw/MOLM24C_3_R1.fastq.gz <<< 
10000000 sequences processed
20000000 sequences processed
30000000 sequences processed
This is cutadapt 2.6 with Python 3.7.8
Command line parameters: -j 4 -e 0.1 -q 30 -O 1 -a file:/home/groups/MaxsonLab/kongg/cda7/trim_galore.fa samples/raw/MOLM24C_3_R1.fastq.gz
Processing reads on 4 cores in single-end mode ...
Finished in 538.48 s (18 us/read; 3.42 M reads/minute).

=== Summary ===

Total reads processed:              30,713,632
Reads with adapters:                24,787,558 (80.7%)
Reads written (passing filters):    30,713,632 (100.0%)

Total basepairs processed: 3,071,363,200 bp
Quality-trimmed:             150,464,698 bp (4.9%)
Total written (filtered):  2,656,014,785 bp (86.5%)

=== Adapter Nextera_XT ===

Sequence: CTGTCTCTTATACACATCT; Type: regular 3'; Length: 19; Trimmed: 14271205 times.

No. of allowed errors:
0-9 bp: 0; 10-19 bp: 1

Bases preceding removed adapters:
  A: 16.7%
  C: 43.4%
  G: 25.2%
  T: 14.7%
  none/other: 0.0%

Overview of removed sequences
length	count	expect	max.err	error counts
1	3814186	7678408.0	0	3814186
2	1671666	1919602.0	0	1671666
3	720119	479900.5	0	720119
4	216873	119975.1	0	216873
5	156351	29993.8	0	156351
6	163472	7498.4	0	163472
7	143497	1874.6	0	143497
8	134599	468.7	0	134599
9	138789	117.2	0	137821 968
10	142055	29.3	1	135856 6199
11	154670	7.3	1	149676 4994
12	132550	1.8	1	128305 4245
13	149314	0.5	1	143993 5321
14	161852	0.1	1	155066 6786
15	160848	0.0	1	154077 6771
16	160159	0.0	1	153474 6685
17	155047	0.0	1	148516 6531
18	143471	0.0	1	137368 6103
19	160590	0.0	1	153042 7548
20	144714	0.0	1	138605 6109
21	178365	0.0	1	170070 8295
22	243312	0.0	1	234188 9124
23	70421	0.0	1	68482 1939
24	164792	0.0	1	157995 6797
25	148041	0.0	1	142741 5300
26	170413	0.0	1	163152 7261
27	177355	0.0	1	169631 7724
28	175310	0.0	1	168381 6929
29	166706	0.0	1	160916 5790
30	165073	0.0	1	159574 5499
31	122784	0.0	1	119500 3284
32	159718	0.0	1	154836 4882
33	135352	0.0	1	131699 3653
34	158479	0.0	1	153384 5095
35	161891	0.0	1	156653 5238
36	170209	0.0	1	164517 5692
37	169233	0.0	1	163445 5788
38	152132	0.0	1	147003 5129
39	137595	0.0	1	133421 4174
40	132169	0.0	1	128162 4007
41	147394	0.0	1	142524 4870
42	125718	0.0	1	122323 3395
43	125926	0.0	1	122556 3370
44	130471	0.0	1	126751 3720
45	133917	0.0	1	130074 3843
46	139765	0.0	1	135763 4002
47	132808	0.0	1	128898 3910
48	129479	0.0	1	125841 3638
49	103620	0.0	1	101253 2367
50	88421	0.0	1	86597 1824
51	89891	0.0	1	87812 2079
52	98456	0.0	1	96030 2426
53	82019	0.0	1	80304 1715
54	91692	0.0	1	89572 2120
55	94013	0.0	1	91753 2260
56	78901	0.0	1	77331 1570
57	77339	0.0	1	75635 1704
58	73878	0.0	1	72168 1710
59	66493	0.0	1	64911 1582
60	53585	0.0	1	52557 1028
61	52165	0.0	1	51030 1135
62	42046	0.0	1	41076 970
63	31313	0.0	1	30672 641
64	25463	0.0	1	24950 513
65	16204	0.0	1	15826 378
66	11762	0.0	1	11561 201
67	6691	0.0	1	6573 118
68	6400	0.0	1	6281 119
69	5182	0.0	1	5081 101
70	6428	0.0	1	6310 118
71	5577	0.0	1	5483 94
72	5998	0.0	1	5911 87
73	4732	0.0	1	4664 68
74	2055	0.0	1	2027 28
75	371	0.0	1	363 8
76	117	0.0	1	115 2
77	216	0.0	1	209 7
78	95	0.0	1	94 1
79	162	0.0	1	160 2
80	44	0.0	1	44
81	88	0.0	1	87 1
82	21	0.0	1	19 2
83	21	0.0	1	20 1
84	18	0.0	1	18
85	14	0.0	1	13 1
86	6	0.0	1	6
87	12	0.0	1	11 1
88	4	0.0	1	4
89	2	0.0	1	2
90	1	0.0	1	1
91	4	0.0	1	4
92	6	0.0	1	6
94	3	0.0	1	3
95	1	0.0	1	1
97	3	0.0	1	1 2
98	1	0.0	1	1
100	21	0.0	1	21


=== Adapter Nextera_used_by_dan_read1 ===

Sequence: TCGTCGGCAGCGTCAGATGTGTATAAGAGACAG; Type: regular 3'; Length: 33; Trimmed: 4359524 times.

No. of allowed errors:
0-9 bp: 0; 10-19 bp: 1; 20-29 bp: 2; 30-33 bp: 3

Bases preceding removed adapters:
  A: 39.7%
  C: 10.0%
  G: 0.7%
  T: 49.6%
  none/other: 0.0%

Overview of removed sequences
length	count	expect	max.err	error counts
1	3201614	7678408.0	0	3201614
2	1028500	1919602.0	0	1028500
3	105864	479900.5	0	105864
4	18550	119975.1	0	18550
5	3346	29993.8	0	3346
6	352	7498.4	0	352
7	137	1874.6	0	137
8	38	468.7	0	38
9	200	117.2	0	20 180
10	853	29.3	1	0 853
11	41	7.3	1	0 41
12	24	1.8	1	0 24
13	2	0.5	1	0 2
14	1	0.1	1	0 1
15	1	0.0	1	0 1
19	1	0.0	1	0 1


=== Adapter Nextera_used_by_dan_read2 ===

Sequence: GTCTCGTGGGCTCGGAGATGTGTATAAGAGACAG; Type: regular 3'; Length: 34; Trimmed: 6156829 times.

No. of allowed errors:
0-9 bp: 0; 10-19 bp: 1; 20-29 bp: 2; 30-34 bp: 3

Bases preceding removed adapters:
  A: 34.7%
  C: 8.5%
  G: 29.9%
  T: 26.8%
  none/other: 0.0%

Overview of removed sequences
length	count	expect	max.err	error counts
1	5074797	7678408.0	0	5074797
2	799489	1919602.0	0	799489
3	175832	479900.5	0	175832
4	77120	119975.1	0	77120
5	24224	29993.8	0	24224
6	3714	7498.4	0	3714
7	347	1874.6	0	347
8	73	468.7	0	73
9	416	117.2	0	32 384
10	578	29.3	1	3 575
11	151	7.3	1	2 149
12	63	1.8	1	2 61
13	24	0.5	1	0 24
14	1	0.1	1	0 1

RUN STATISTICS FOR INPUT FILE: samples/raw/MOLM24C_3_R1.fastq.gz
=============================================
30713632 sequences processed in total
The length threshold of paired-end sequences gets evaluated later on (in the validation step)

Writing report to '/home/groups/MaxsonLab/kongg/cda7/samples/trim/MOLM24C_3_R2.fastq.gz_trimming_report.txt'

SUMMARISING RUN PARAMETERS
==========================
Input filename: samples/raw/MOLM24C_3_R2.fastq.gz
Trimming mode: paired-end
Trim Galore version: 0.6.6
Cutadapt version: 2.6
Python version: could not detect
Number of cores used for trimming: 4
Quality Phred score cutoff: 30
Quality encoding type selected: ASCII+33
Adapter sequence: 'file:/home/groups/MaxsonLab/kongg/cda7/trim_galore.fa' (user defined)
Maximum trimming error rate: 0.1 (default)
Minimum required adapter overlap (stringency): 1 bp
Minimum required sequence length for both reads before a sequence pair gets removed: 20 bp
All sequences will be trimmed by 1 bp on their 3' end to avoid problems with invalid paired-end alignments with Bowtie 1
Running FastQC on the data once trimming has completed
Output file(s) will be GZIP compressed

Cutadapt seems to be fairly up-to-date (version 2.6). Setting -j -j 4
Writing final adapter and quality trimmed output to MOLM24C_3_R2_trimmed.fq.gz


  >>> Now performing quality (cutoff '-q 30') and adapter trimming in a single pass for the adapter sequence: 'file:/home/groups/MaxsonLab/kongg/cda7/trim_galore.fa' from file samples/raw/MOLM24C_3_R2.fastq.gz <<< 
10000000 sequences processed
20000000 sequences processed
30000000 sequences processed
This is cutadapt 2.6 with Python 3.7.8
Command line parameters: -j 4 -e 0.1 -q 30 -O 1 -a file:/home/groups/MaxsonLab/kongg/cda7/trim_galore.fa samples/raw/MOLM24C_3_R2.fastq.gz
Processing reads on 4 cores in single-end mode ...
Finished in 484.55 s (16 us/read; 3.80 M reads/minute).

=== Summary ===

Total reads processed:              30,713,632
Reads with adapters:                23,186,504 (75.5%)
Reads written (passing filters):    30,713,632 (100.0%)

Total basepairs processed: 3,071,363,200 bp
Quality-trimmed:             370,000,728 bp (12.0%)
Total written (filtered):  2,435,191,959 bp (79.3%)

=== Adapter Nextera_XT ===

Sequence: CTGTCTCTTATACACATCT; Type: regular 3'; Length: 19; Trimmed: 13564302 times.

No. of allowed errors:
0-9 bp: 0; 10-19 bp: 1

Bases preceding removed adapters:
  A: 15.5%
  C: 41.2%
  G: 27.2%
  T: 16.0%
  none/other: 0.0%

Overview of removed sequences
length	count	expect	max.err	error counts
1	3277145	7678408.0	0	3277145
2	1520058	1919602.0	0	1520058
3	609482	479900.5	0	609482
4	208628	119975.1	0	208628
5	156131	29993.8	0	156131
6	158535	7498.4	0	158535
7	140901	1874.6	0	140901
8	137286	468.7	0	137286
9	129912	117.2	0	128965 947
10	155442	29.3	1	149342 6100
11	133829	7.3	1	130530 3299
12	159058	1.8	1	153982 5076
13	159565	0.5	1	155259 4306
14	162383	0.1	1	157985 4398
15	165387	0.0	1	160545 4842
16	162190	0.0	1	157354 4836
17	156064	0.0	1	151610 4454
18	147949	0.0	1	143444 4505
19	173437	0.0	1	167851 5586
20	160862	0.0	1	156522 4340
21	124903	0.0	1	121936 2967
22	157551	0.0	1	153275 4276
23	155210	0.0	1	150916 4294
24	158658	0.0	1	154013 4645
25	172429	0.0	1	167112 5317
26	186061	0.0	1	180355 5706
27	163942	0.0	1	159366 4576
28	185385	0.0	1	180126 5259
29	163342	0.0	1	159340 4002
30	121409	0.0	1	118988 2421
31	157723	0.0	1	154050 3673
32	146173	0.0	1	142701 3472
33	145998	0.0	1	142840 3158
34	161136	0.0	1	156960 4176
35	182607	0.0	1	176863 5744
36	169729	0.0	1	165008 4721
37	168197	0.0	1	163526 4671
38	153639	0.0	1	149530 4109
39	155942	0.0	1	151333 4609
40	139915	0.0	1	135812 4103
41	148982	0.0	1	144472 4510
42	143139	0.0	1	139045 4094
43	122129	0.0	1	119156 2973
44	148780	0.0	1	144427 4353
45	124503	0.0	1	121346 3157
46	130513	0.0	1	126556 3957
47	153690	0.0	1	148874 4816
48	93549	0.0	1	91297 2252
49	108819	0.0	1	105990 2829
50	99259	0.0	1	96568 2691
51	103672	0.0	1	100749 2923
52	98325	0.0	1	95690 2635
53	86307	0.0	1	84170 2137
54	96624	0.0	1	94302 2322
55	81122	0.0	1	79247 1875
56	93049	0.0	1	90423 2626
57	108934	0.0	1	106449 2485
58	45266	0.0	1	44205 1061
59	58356	0.0	1	57020 1336
60	59280	0.0	1	57750 1530
61	45261	0.0	1	44241 1020
62	44788	0.0	1	43767 1021
63	33168	0.0	1	32434 734
64	20215	0.0	1	19770 445
65	15379	0.0	1	15015 364
66	9693	0.0	1	9440 253
67	8651	0.0	1	8418 233
68	7292	0.0	1	7088 204
69	5117	0.0	1	4993 124
70	5418	0.0	1	5293 125
71	6642	0.0	1	6485 157
72	5976	0.0	1	5840 136
73	5061	0.0	1	4965 96
74	1970	0.0	1	1924 46
75	329	0.0	1	317 12
76	109	0.0	1	100 9
77	205	0.0	1	200 5
78	50	0.0	1	49 1
79	233	0.0	1	220 13
80	52	0.0	1	44 8
81	77	0.0	1	68 9
82	14	0.0	1	10 4
83	22	0.0	1	17 5
84	19	0.0	1	12 7
85	10	0.0	1	5 5
86	6	0.0	1	4 2
87	11	0.0	1	4 7
88	2	0.0	1	1 1
89	3	0.0	1	1 2
91	6	0.0	1	4 2
92	4	0.0	1	1 3
93	1	0.0	1	1
94	2	0.0	1	0 2
95	1	0.0	1	1
97	2	0.0	1	2
99	2	0.0	1	2
100	20	0.0	1	20


=== Adapter Nextera_used_by_dan_read1 ===

Sequence: TCGTCGGCAGCGTCAGATGTGTATAAGAGACAG; Type: regular 3'; Length: 33; Trimmed: 4007731 times.

No. of allowed errors:
0-9 bp: 0; 10-19 bp: 1; 20-29 bp: 2; 30-33 bp: 3

Bases preceding removed adapters:
  A: 38.6%
  C: 9.4%
  G: 0.6%
  T: 51.0%
  none/other: 0.4%

Overview of removed sequences
length	count	expect	max.err	error counts
1	2996611	7678408.0	0	2996611
2	908346	1919602.0	0	908346
3	82147	479900.5	0	82147
4	15760	119975.1	0	15760
5	2961	29993.8	0	2961
6	321	7498.4	0	321
7	86	1874.6	0	86
8	35	468.7	0	35
9	159	117.2	0	12 147
10	1254	29.3	1	1 1253
11	36	7.3	1	0 36
12	14	1.8	1	0 14
14	1	0.1	1	0 1


=== Adapter Nextera_used_by_dan_read2 ===

Sequence: GTCTCGTGGGCTCGGAGATGTGTATAAGAGACAG; Type: regular 3'; Length: 34; Trimmed: 5614471 times.

No. of allowed errors:
0-9 bp: 0; 10-19 bp: 1; 20-29 bp: 2; 30-34 bp: 3

Bases preceding removed adapters:
  A: 34.3%
  C: 7.4%
  G: 29.7%
  T: 27.9%
  none/other: 0.8%

Overview of removed sequences
length	count	expect	max.err	error counts
1	4583404	7678408.0	0	4583404
2	773360	1919602.0	0	773360
3	159935	479900.5	0	159935
4	73275	119975.1	0	73275
5	19876	29993.8	0	19876
6	2962	7498.4	0	2962
7	283	1874.6	0	283
8	80	468.7	0	80
9	393	117.2	0	38 355
10	631	29.3	1	11 620
11	189	7.3	1	2 187
12	51	1.8	1	2 49
13	29	0.5	1	0 29
14	1	0.1	1	0 1
71	1	0.0	3	0 0 0 1
74	1	0.0	3	0 0 0 1

RUN STATISTICS FOR INPUT FILE: samples/raw/MOLM24C_3_R2.fastq.gz
=============================================
30713632 sequences processed in total
The length threshold of paired-end sequences gets evaluated later on (in the validation step)

Validate paired-end files MOLM24C_3_R1_trimmed.fq.gz and MOLM24C_3_R2_trimmed.fq.gz
file_1: MOLM24C_3_R1_trimmed.fq.gz, file_2: MOLM24C_3_R2_trimmed.fq.gz


>>>>> Now validing the length of the 2 paired-end infiles: MOLM24C_3_R1_trimmed.fq.gz and MOLM24C_3_R2_trimmed.fq.gz <<<<<
Writing validated paired-end Read 1 reads to MOLM24C_3_R1_val_1.fq.gz
Writing validated paired-end Read 2 reads to MOLM24C_3_R2_val_2.fq.gz

Total number of sequences analysed: 30713632

Number of sequence pairs removed because at least one read was shorter than the length cutoff (20 bp): 3900297 (12.70%)


  >>> Now running FastQC on the validated data MOLM24C_3_R1_val_1.fq.gz<<<

Started analysis of MOLM24C_3_R1_val_1.fq.gz
Approx 5% complete for MOLM24C_3_R1_val_1.fq.gz
Approx 10% complete for MOLM24C_3_R1_val_1.fq.gz
Approx 15% complete for MOLM24C_3_R1_val_1.fq.gz
Approx 20% complete for MOLM24C_3_R1_val_1.fq.gz
Approx 25% complete for MOLM24C_3_R1_val_1.fq.gz
Approx 30% complete for MOLM24C_3_R1_val_1.fq.gz
Approx 35% complete for MOLM24C_3_R1_val_1.fq.gz
Approx 40% complete for MOLM24C_3_R1_val_1.fq.gz
Approx 45% complete for MOLM24C_3_R1_val_1.fq.gz
Approx 50% complete for MOLM24C_3_R1_val_1.fq.gz
Approx 55% complete for MOLM24C_3_R1_val_1.fq.gz
Approx 60% complete for MOLM24C_3_R1_val_1.fq.gz
Approx 65% complete for MOLM24C_3_R1_val_1.fq.gz
Approx 70% complete for MOLM24C_3_R1_val_1.fq.gz
Approx 75% complete for MOLM24C_3_R1_val_1.fq.gz
Approx 80% complete for MOLM24C_3_R1_val_1.fq.gz
Approx 85% complete for MOLM24C_3_R1_val_1.fq.gz
Approx 90% complete for MOLM24C_3_R1_val_1.fq.gz
Approx 95% complete for MOLM24C_3_R1_val_1.fq.gz

  >>> Now running FastQC on the validated data MOLM24C_3_R2_val_2.fq.gz<<<

Started analysis of MOLM24C_3_R2_val_2.fq.gz
Approx 5% complete for MOLM24C_3_R2_val_2.fq.gz
Approx 10% complete for MOLM24C_3_R2_val_2.fq.gz
Approx 15% complete for MOLM24C_3_R2_val_2.fq.gz
Approx 20% complete for MOLM24C_3_R2_val_2.fq.gz
Approx 25% complete for MOLM24C_3_R2_val_2.fq.gz
Approx 30% complete for MOLM24C_3_R2_val_2.fq.gz
Approx 35% complete for MOLM24C_3_R2_val_2.fq.gz
Approx 40% complete for MOLM24C_3_R2_val_2.fq.gz
Approx 45% complete for MOLM24C_3_R2_val_2.fq.gz
Approx 50% complete for MOLM24C_3_R2_val_2.fq.gz
Approx 55% complete for MOLM24C_3_R2_val_2.fq.gz
Approx 60% complete for MOLM24C_3_R2_val_2.fq.gz
Approx 65% complete for MOLM24C_3_R2_val_2.fq.gz
Approx 70% complete for MOLM24C_3_R2_val_2.fq.gz
Approx 75% complete for MOLM24C_3_R2_val_2.fq.gz
Approx 80% complete for MOLM24C_3_R2_val_2.fq.gz
Approx 85% complete for MOLM24C_3_R2_val_2.fq.gz
Approx 90% complete for MOLM24C_3_R2_val_2.fq.gz
Approx 95% complete for MOLM24C_3_R2_val_2.fq.gz
Deleting both intermediate output files MOLM24C_3_R1_trimmed.fq.gz and MOLM24C_3_R2_trimmed.fq.gz

====================================================================================================

[Mon Sep  7 18:24:05 2020]
Finished job 0.
1 of 1 steps (100%) done
